<?xml version="1.0" encoding="UTF-8"?>
<!-- Generated by org.testng.reporters.JUnitXMLReporter -->
<testsuite ignored="0" hostname="DESKTOP-E405C4O" failures="0" tests="4" name="TestA" time="22.138" errors="0" timestamp="2023-09-22T08:34:22 IST">
  <testcase classname="mercury.MercuryTours" name="verifyOurCoachesPage" time="2.127"/>
  <testcase classname="mercury.MercuryTours" name="verifyContactUsPage" time="0.959"/>
  <testcase classname="mercury.MercuryTours" name="verifySFToursPage" time="1.14"/>
  <testcase classname="mercury.MercuryTours" name="verifySepcilizedToursPage" time="0.82"/>
</testsuite> <!-- TestA -->
