<?xml version="1.0" encoding="UTF-8"?>
<!-- Generated by org.testng.reporters.JUnitXMLReporter -->
<testsuite ignored="0" hostname="DESKTOP-E405C4O" failures="0" tests="7" name="Test" time="78.536" errors="0" timestamp="2023-09-22T08:32:15 IST">
  <testcase classname="search.YahooSearch" name="doSearch" time="7.73"/>
  <testcase classname="search.YahooSearch" name="doSearch" time="4.554"/>
  <testcase classname="search.YahooSearch" name="doSearch" time="3.341"/>
  <testcase classname="mercury.MercuryTours" name="verifyOurCoachesPage" time="2.338"/>
  <testcase classname="mercury.MercuryTours" name="verifyContactUsPage" time="0.828"/>
  <testcase classname="mercury.MercuryTours" name="verifySFToursPage" time="1.213"/>
  <testcase classname="mercury.MercuryTours" name="verifySepcilizedToursPage" time="1.028"/>
</testsuite> <!-- Test -->
