<?xml version="1.0" encoding="UTF-8"?>
<testng-results ignored="0" total="7" passed="7" failed="0" skipped="0">
  <reporter-output>
  </reporter-output>
  <suite started-at="2023-09-22T08:34:00 IST" name="Suite" finished-at="2023-09-22T08:35:13 IST" duration-ms="73393">
    <groups>
    </groups>
    <test started-at="2023-09-22T08:34:00 IST" name="TestA" finished-at="2023-09-22T08:34:22 IST" duration-ms="22138">
      <class name="mercury.MercuryTours">
        <test-method is-config="true" signature="setUp(java.lang.String)[pri:0, instance:mercury.MercuryTours@53fe15ff]" started-at="2023-09-22T08:34:00 IST" name="setUp" finished-at="2023-09-22T08:34:14 IST" duration-ms="13659" status="PASS">
          <params>
            <param index="0">
              <value>
                <![CDATA[Firefox]]>
              </value>
            </param>
          </params>
          <reporter-output>
          </reporter-output>
        </test-method> <!-- setUp -->
        <test-method signature="verifyOurCoachesPage()[pri:1, instance:mercury.MercuryTours@53fe15ff]" started-at="2023-09-22T08:34:14 IST" name="verifyOurCoachesPage" finished-at="2023-09-22T08:34:16 IST" duration-ms="2127" status="PASS">
          <reporter-output>
          </reporter-output>
        </test-method> <!-- verifyOurCoachesPage -->
        <test-method is-config="true" signature="navigateToHomePage()[pri:0, instance:mercury.MercuryTours@53fe15ff]" started-at="2023-09-22T08:34:16 IST" name="navigateToHomePage" finished-at="2023-09-22T08:34:16 IST" duration-ms="219" status="PASS">
          <reporter-output>
          </reporter-output>
        </test-method> <!-- navigateToHomePage -->
        <test-method signature="verifyContactUsPage()[pri:2, instance:mercury.MercuryTours@53fe15ff]" started-at="2023-09-22T08:34:16 IST" name="verifyContactUsPage" finished-at="2023-09-22T08:34:17 IST" duration-ms="959" status="PASS">
          <reporter-output>
          </reporter-output>
        </test-method> <!-- verifyContactUsPage -->
        <test-method is-config="true" signature="navigateToHomePage()[pri:0, instance:mercury.MercuryTours@53fe15ff]" started-at="2023-09-22T08:34:17 IST" name="navigateToHomePage" finished-at="2023-09-22T08:34:17 IST" duration-ms="243" status="PASS">
          <reporter-output>
          </reporter-output>
        </test-method> <!-- navigateToHomePage -->
        <test-method signature="verifySFToursPage()[pri:3, instance:mercury.MercuryTours@53fe15ff]" started-at="2023-09-22T08:34:17 IST" name="verifySFToursPage" finished-at="2023-09-22T08:34:18 IST" duration-ms="1140" status="PASS">
          <reporter-output>
          </reporter-output>
        </test-method> <!-- verifySFToursPage -->
        <test-method is-config="true" signature="navigateToHomePage()[pri:0, instance:mercury.MercuryTours@53fe15ff]" started-at="2023-09-22T08:34:18 IST" name="navigateToHomePage" finished-at="2023-09-22T08:34:19 IST" duration-ms="217" status="PASS">
          <reporter-output>
          </reporter-output>
        </test-method> <!-- navigateToHomePage -->
        <test-method signature="verifySepcilizedToursPage()[pri:4, instance:mercury.MercuryTours@53fe15ff]" started-at="2023-09-22T08:34:19 IST" name="verifySepcilizedToursPage" finished-at="2023-09-22T08:34:20 IST" duration-ms="820" status="PASS">
          <reporter-output>
          </reporter-output>
        </test-method> <!-- verifySepcilizedToursPage -->
        <test-method is-config="true" signature="navigateToHomePage()[pri:0, instance:mercury.MercuryTours@53fe15ff]" started-at="2023-09-22T08:34:20 IST" name="navigateToHomePage" finished-at="2023-09-22T08:34:20 IST" duration-ms="286" status="PASS">
          <reporter-output>
          </reporter-output>
        </test-method> <!-- navigateToHomePage -->
        <test-method is-config="true" signature="tearDown()[pri:0, instance:mercury.MercuryTours@53fe15ff]" started-at="2023-09-22T08:34:20 IST" name="tearDown" finished-at="2023-09-22T08:34:22 IST" duration-ms="2315" status="PASS">
          <reporter-output>
          </reporter-output>
        </test-method> <!-- tearDown -->
      </class> <!-- mercury.MercuryTours -->
    </test> <!-- TestA -->
    <test started-at="2023-09-22T08:34:22 IST" name="TestB" finished-at="2023-09-22T08:35:13 IST" duration-ms="51078">
      <class name="search.YahooSearch">
        <test-method is-config="true" signature="setUp(java.lang.String)[pri:0, instance:search.YahooSearch@909217e]" started-at="2023-09-22T08:34:22 IST" name="setUp" finished-at="2023-09-22T08:34:36 IST" duration-ms="13376" status="PASS">
          <params>
            <param index="0">
              <value>
                <![CDATA[Chrome]]>
              </value>
            </param>
          </params>
          <reporter-output>
          </reporter-output>
        </test-method> <!-- setUp -->
        <test-method signature="doSearch(java.lang.String)[pri:0, instance:search.YahooSearch@909217e]" started-at="2023-09-22T08:34:36 IST" name="doSearch" data-provider="searchdata" finished-at="2023-09-22T08:34:42 IST" duration-ms="5831" status="PASS">
          <params>
            <param index="0">
              <value>
                <![CDATA[Selenium]]>
              </value>
            </param>
          </params>
          <reporter-output>
          </reporter-output>
        </test-method> <!-- doSearch -->
        <test-method is-config="true" signature="backToMainPage()[pri:0, instance:search.YahooSearch@909217e]" started-at="2023-09-22T08:34:42 IST" name="backToMainPage" finished-at="2023-09-22T08:34:50 IST" duration-ms="8620" status="PASS">
          <reporter-output>
          </reporter-output>
        </test-method> <!-- backToMainPage -->
        <test-method signature="doSearch(java.lang.String)[pri:0, instance:search.YahooSearch@909217e]" started-at="2023-09-22T08:34:50 IST" name="doSearch" data-provider="searchdata" finished-at="2023-09-22T08:34:54 IST" duration-ms="3928" status="PASS">
          <params>
            <param index="0">
              <value>
                <![CDATA[UFT]]>
              </value>
            </param>
          </params>
          <reporter-output>
          </reporter-output>
        </test-method> <!-- doSearch -->
        <test-method is-config="true" signature="backToMainPage()[pri:0, instance:search.YahooSearch@909217e]" started-at="2023-09-22T08:34:54 IST" name="backToMainPage" finished-at="2023-09-22T08:35:01 IST" duration-ms="7323" status="PASS">
          <reporter-output>
          </reporter-output>
        </test-method> <!-- backToMainPage -->
        <test-method signature="doSearch(java.lang.String)[pri:0, instance:search.YahooSearch@909217e]" started-at="2023-09-22T08:35:01 IST" name="doSearch" data-provider="searchdata" finished-at="2023-09-22T08:35:05 IST" duration-ms="3793" status="PASS">
          <params>
            <param index="0">
              <value>
                <![CDATA[Appium]]>
              </value>
            </param>
          </params>
          <reporter-output>
          </reporter-output>
        </test-method> <!-- doSearch -->
        <test-method is-config="true" signature="backToMainPage()[pri:0, instance:search.YahooSearch@909217e]" started-at="2023-09-22T08:35:05 IST" name="backToMainPage" finished-at="2023-09-22T08:35:13 IST" duration-ms="7467" status="PASS">
          <reporter-output>
          </reporter-output>
        </test-method> <!-- backToMainPage -->
        <test-method is-config="true" signature="tearDown()[pri:0, instance:search.YahooSearch@909217e]" started-at="2023-09-22T08:35:13 IST" name="tearDown" finished-at="2023-09-22T08:35:13 IST" duration-ms="675" status="PASS">
          <reporter-output>
          </reporter-output>
        </test-method> <!-- tearDown -->
      </class> <!-- search.YahooSearch -->
    </test> <!-- TestB -->
  </suite> <!-- Suite -->
</testng-results>
